\BOOKMARK [1][-]{section.1}{\376\377\004\043\004\101\004\073\004\076\004\062\004\070\004\065\000\040\004\067\004\060\004\064\004\060\004\107\004\070}{}% 1
\BOOKMARK [1][-]{section.2}{\376\377\004\044\004\103\004\075\004\072\004\106\004\070\004\070\000\040\004\100\004\060\004\067\004\100\004\060\004\061\004\060\004\102\004\113\004\062\004\060\004\065\004\074\004\076\004\063\004\076\000\040\004\077\004\100\004\070\004\073\004\076\004\066\004\065\004\075\004\070\004\117}{}% 2
\BOOKMARK [2][-]{subsection.2.1}{\376\377\004\022\004\060\004\100\004\070\004\060\004\075\004\102\004\113\000\040\004\070\004\101\004\077\004\076\004\073\004\114\004\067\004\076\004\062\004\060\004\075\004\070\004\117}{section.2}% 3
\BOOKMARK [2][-]{subsection.2.2}{\376\377\004\036\004\077\004\070\004\101\004\060\004\075\004\070\004\065\000\040\004\070\004\075\004\102\004\065\004\100\004\104\004\065\004\071\004\101\004\060\000\040\004\077\004\076\004\073\004\114\004\067\004\076\004\062\004\060\004\102\004\065\004\073\004\117}{section.2}% 4
\BOOKMARK [3][-]{subsubsection.2.2.1}{\376\377\004\037\004\060\004\075\004\065\004\073\004\114\000\040\004\074\004\065\004\075\004\116}{subsection.2.2}% 5
\BOOKMARK [3][-]{subsubsection.2.2.2}{\376\377\004\037\004\060\004\075\004\065\004\073\004\114\000\040\004\103\004\077\004\100\004\060\004\062\004\073\004\065\004\075\004\070\004\117}{subsection.2.2}% 6
\BOOKMARK [3][-]{subsubsection.2.2.3}{\376\377\004\037\004\060\004\075\004\065\004\073\004\114\000\040\004\100\004\060\004\061\004\076\004\102\004\113\000\040\004\101\000\040\004\102\004\060\004\061\004\073\004\070\004\106\004\065\004\071}{subsection.2.2}% 7
\BOOKMARK [3][-]{subsubsection.2.2.4}{\376\377\004\022\004\101\004\077\004\073\004\113\004\062\004\060\004\116\004\111\004\070\004\065\000\040\004\077\004\076\004\064\004\101\004\072\004\060\004\067\004\072\004\070}{subsection.2.2}% 8
\BOOKMARK [1][-]{section.3}{\376\377\004\041\004\102\004\100\004\103\004\072\004\102\004\103\004\100\004\060\000\040\004\077\004\100\004\070\004\073\004\076\004\066\004\065\004\075\004\070\004\117}{}% 9
\BOOKMARK [2][-]{subsection.3.1}{\376\377\004\024\004\070\004\060\004\063\004\100\004\060\004\074\004\074\004\060\000\040\004\072\004\073\004\060\004\101\004\101\004\076\004\062}{section.3}% 10
\BOOKMARK [2][-]{subsection.3.2}{\376\377\004\036\004\077\004\070\004\101\004\060\004\075\004\070\004\065\000\040\004\072\004\073\004\060\004\101\004\101\004\076\004\062\000,\000\040\004\070\004\105\000\040\004\077\004\076\004\073\004\065\004\071\000\040\004\070\000\040\004\074\004\065\004\102\004\076\004\064\004\076\004\062}{section.3}% 11
\BOOKMARK [3][-]{subsubsection.3.2.1}{\376\377\000J\000a\000r\000v\000i\000s}{subsection.3.2}% 12
\BOOKMARK [3][-]{subsubsection.3.2.2}{\376\377\000F\000o\000r\000m}{subsection.3.2}% 13
\BOOKMARK [2][-]{subsection.3.3}{\376\377\000Q\000u\000a\000k\000e\000I\000n\000f\000o}{section.3}% 14
\BOOKMARK [1][-]{section.4}{\376\377\004\040\004\060\004\101\004\077\004\100\004\065\004\064\004\065\004\073\004\065\004\075\004\070\004\065\000\040\004\070\004\101\004\105\004\076\004\064\004\075\004\076\004\063\004\076\000\040\004\072\004\076\004\064\004\060\000\040\004\077\004\076\000\040\004\104\004\060\004\071\004\073\004\060\004\074\000\040\004\077\004\100\004\076\004\065\004\072\004\102\004\060}{}% 15
\BOOKMARK [1][-]{section.5}{\376\377\004\032\004\076\004\075\004\102\004\100\004\076\004\073\004\114\004\075\004\113\004\071\000\040\004\077\004\100\004\070\004\074\004\065\004\100\000\040\004\070\000\040\004\076\004\077\004\070\004\101\004\060\004\075\004\070\004\065\000\040\004\100\004\065\004\067\004\103\004\073\004\114\004\102\004\060\004\102\004\076\004\062}{}% 16
\BOOKMARK [1][-]{section.6}{\376\377\004\042\004\065\004\072\004\101\004\102\000\040\000\050\004\072\004\076\004\064\000\051\000\040\004\077\004\100\004\076\004\063\004\100\004\060\004\074\004\074\004\113}{}% 17
\BOOKMARK [2][-]{subsection.6.1}{\376\377\000E\000v\000e\000n\000t\000s\000\040\000L\000i\000b\000r\000a\000r\000y}{section.6}% 18
\BOOKMARK [3][-]{subsubsection.6.1.1}{\376\377\000V\000i\000e\000w\000J\000a\000r\000v\000i\000s\000M\000e\000s\000s\000a\000g\000e}{subsection.6.1}% 19
\BOOKMARK [1][-]{section.7}{\376\377\004\041\004\077\004\070\004\101\004\076\004\072\000\040\004\073\004\070\004\102\004\065\004\100\004\060\004\102\004\103\004\100\004\113}{}% 20
